0 info it worked if it ends with ok
1 verbose cli [ '/usr/local/bin/node',
1 verbose cli   '/usr/local/bin/npm',
1 verbose cli   'install',
1 verbose cli   '--save',
1 verbose cli   '@ionic-native/youtube-video-player' ]
2 info using npm@2.15.5
3 info using node@v4.4.5
4 verbose install initial load of /Users/Felippe/Documents/Dev_ionic/easy/package.json
5 warn package.json easymovie@0.0.1 No repository field.
6 warn package.json easymovie@0.0.1 No README data
7 verbose installManyTop reading scoped package data from /Users/Felippe/Documents/Dev_ionic/easy/node_modules/body-parser/package.json
8 verbose installManyTop reading scoped package data from /Users/Felippe/Documents/Dev_ionic/easy/node_modules/cors/package.json
9 verbose installManyTop reading scoped package data from /Users/Felippe/Documents/Dev_ionic/easy/node_modules/del/package.json
10 verbose installManyTop reading scoped package data from /Users/Felippe/Documents/Dev_ionic/easy/node_modules/es6-shim/package.json
11 verbose installManyTop reading scoped package data from /Users/Felippe/Documents/Dev_ionic/easy/node_modules/express/package.json
12 verbose installManyTop reading scoped package data from /Users/Felippe/Documents/Dev_ionic/easy/node_modules/got/package.json
13 verbose installManyTop reading scoped package data from /Users/Felippe/Documents/Dev_ionic/easy/node_modules/gulp/package.json
14 verbose installManyTop reading scoped package data from /Users/Felippe/Documents/Dev_ionic/easy/node_modules/gulp-watch/package.json
15 verbose installManyTop reading scoped package data from /Users/Felippe/Documents/Dev_ionic/easy/node_modules/ionic-angular/package.json
16 verbose installManyTop reading scoped package data from /Users/Felippe/Documents/Dev_ionic/easy/node_modules/ionic-gulp-browserify-typescript/package.json
17 verbose installManyTop reading scoped package data from /Users/Felippe/Documents/Dev_ionic/easy/node_modules/ionic-gulp-fonts-copy/package.json
18 verbose installManyTop reading scoped package data from /Users/Felippe/Documents/Dev_ionic/easy/node_modules/ionic-gulp-html-copy/package.json
19 verbose installManyTop reading scoped package data from /Users/Felippe/Documents/Dev_ionic/easy/node_modules/ionic-gulp-sass-build/package.json
20 verbose installManyTop reading scoped package data from /Users/Felippe/Documents/Dev_ionic/easy/node_modules/ionic-gulp-scripts-copy/package.json
21 verbose installManyTop reading scoped package data from /Users/Felippe/Documents/Dev_ionic/easy/node_modules/ionic-native/package.json
22 verbose installManyTop reading scoped package data from /Users/Felippe/Documents/Dev_ionic/easy/node_modules/ionicons/package.json
23 verbose installManyTop reading scoped package data from /Users/Felippe/Documents/Dev_ionic/easy/node_modules/mongoose/package.json
24 verbose installManyTop reading scoped package data from /Users/Felippe/Documents/Dev_ionic/easy/node_modules/mysql/package.json
25 verbose installManyTop reading scoped package data from /Users/Felippe/Documents/Dev_ionic/easy/node_modules/node-mysql/package.json
26 verbose installManyTop reading scoped package data from /Users/Felippe/Documents/Dev_ionic/easy/node_modules/reflect-metadata/package.json
27 verbose installManyTop reading scoped package data from /Users/Felippe/Documents/Dev_ionic/easy/node_modules/run-sequence/package.json
28 verbose installManyTop reading scoped package data from /Users/Felippe/Documents/Dev_ionic/easy/node_modules/rxjs/package.json
29 verbose installManyTop reading scoped package data from /Users/Felippe/Documents/Dev_ionic/easy/node_modules/sync-request/package.json
30 verbose installManyTop reading scoped package data from /Users/Felippe/Documents/Dev_ionic/easy/node_modules/synchronize/package.json
31 verbose installManyTop reading scoped package data from /Users/Felippe/Documents/Dev_ionic/easy/node_modules/utf8/package.json
32 verbose installManyTop reading scoped package data from /Users/Felippe/Documents/Dev_ionic/easy/node_modules/xml2json/package.json
33 verbose installManyTop reading scoped package data from /Users/Felippe/Documents/Dev_ionic/easy/node_modules/zone.js/package.json
34 verbose installManyTop reading scoped package data from /Users/Felippe/Documents/Dev_ionic/easy/node_modules/@angular/common/package.json
35 verbose installManyTop reading scoped package data from /Users/Felippe/Documents/Dev_ionic/easy/node_modules/@angular/compiler/package.json
36 verbose installManyTop reading scoped package data from /Users/Felippe/Documents/Dev_ionic/easy/node_modules/@angular/core/package.json
37 verbose installManyTop reading scoped package data from /Users/Felippe/Documents/Dev_ionic/easy/node_modules/@angular/http/package.json
38 verbose installManyTop reading scoped package data from /Users/Felippe/Documents/Dev_ionic/easy/node_modules/@angular/platform-browser/package.json
39 verbose installManyTop reading scoped package data from /Users/Felippe/Documents/Dev_ionic/easy/node_modules/@angular/platform-browser-dynamic/package.json
40 verbose installManyTop reading scoped package data from /Users/Felippe/Documents/Dev_ionic/easy/node_modules/@angular/router/package.json
41 verbose installManyTop reading scoped package data from /Users/Felippe/Documents/Dev_ionic/easy/node_modules/@ionic-native/core/package.json
42 verbose installManyTop reading scoped package data from /Users/Felippe/Documents/Dev_ionic/easy/node_modules/@ionic-native/youtube-video-player/package.json
43 info package.json ionic-gulp-fonts-copy@1.0.0 No repository field.
44 info package.json ionic-gulp-fonts-copy@1.0.0 No license field.
45 info package.json node-mysql@0.4.2 No license field.
46 info package.json @angular/common@2.0.0-rc.1 No description
47 info package.json @angular/common@2.0.0-rc.1 No repository field.
48 info package.json @angular/compiler@2.0.0-rc.1 No description
49 info package.json @angular/compiler@2.0.0-rc.1 No repository field.
50 info package.json @angular/core@2.0.0-rc.1 No description
51 info package.json @angular/core@2.0.0-rc.1 No repository field.
52 info package.json @angular/http@2.0.0-rc.1 No description
53 info package.json @angular/http@2.0.0-rc.1 No repository field.
54 info package.json @angular/platform-browser@2.0.0-rc.1 No description
55 info package.json @angular/platform-browser@2.0.0-rc.1 No repository field.
56 info package.json @angular/platform-browser@2.0.0-rc.1 No README data
57 info package.json @angular/platform-browser-dynamic@2.0.0-rc.1 No description
58 info package.json @angular/platform-browser-dynamic@2.0.0-rc.1 No repository field.
59 info package.json @angular/router@2.0.0-rc.1 No description
60 info package.json @angular/router@2.0.0-rc.1 No repository field.
61 verbose readDependencies loading dependencies from /Users/Felippe/Documents/Dev_ionic/easy/package.json
62 verbose install @ionic-native/youtube-video-player is installed as 4.1.0
63 silly cache add args [ '@ionic-native/youtube-video-player', null ]
64 verbose cache add spec @ionic-native/youtube-video-player
65 silly cache add parsed spec Result {
65 silly cache add   raw: '@ionic-native/youtube-video-player',
65 silly cache add   scope: '@ionic-native',
65 silly cache add   name: '@ionic-native/youtube-video-player',
65 silly cache add   rawSpec: '',
65 silly cache add   spec: 'latest',
65 silly cache add   type: 'tag' }
66 silly addNamed @ionic-native/youtube-video-player@latest
67 verbose addNamed "latest" is being treated as a dist-tag for @ionic-native/youtube-video-player
68 info addNameTag [ '@ionic-native/youtube-video-player', 'latest' ]
69 silly mapToRegistry name @ionic-native/youtube-video-player
70 silly mapToRegistry scope (from package name) @ionic-native
71 verbose mapToRegistry no registry URL found in name for scope @ionic-native
72 silly mapToRegistry using default registry
73 silly mapToRegistry registry https://registry.npmjs.org/
74 silly mapToRegistry data Result {
74 silly mapToRegistry   raw: '@ionic-native/youtube-video-player',
74 silly mapToRegistry   scope: '@ionic-native',
74 silly mapToRegistry   name: '@ionic-native/youtube-video-player',
74 silly mapToRegistry   rawSpec: '',
74 silly mapToRegistry   spec: 'latest',
74 silly mapToRegistry   type: 'tag' }
75 silly mapToRegistry uri https://registry.npmjs.org/@ionic-native%2fyoutube-video-player
76 verbose addNameTag registry:https://registry.npmjs.org/@ionic-native%2fyoutube-video-player not in flight; fetching
77 verbose request uri https://registry.npmjs.org/@ionic-native%2fyoutube-video-player
78 verbose request no auth needed
79 info attempt registry request try #1 at 11:58:35 AM
80 verbose request id d46010a96a26acb4
81 verbose etag W/"59718f93-10dfe"
82 verbose lastModified Fri, 21 Jul 2017 05:22:27 GMT
83 http request GET https://registry.npmjs.org/@ionic-native%2fyoutube-video-player
84 http 304 https://registry.npmjs.org/@ionic-native%2fyoutube-video-player
85 verbose headers { date: 'Tue, 25 Jul 2017 14:58:35 GMT',
85 verbose headers   via: '1.1 varnish',
85 verbose headers   'cache-control': 'max-age=0',
85 verbose headers   etag: 'W/"59718f93-10dfe"',
85 verbose headers   age: '0',
85 verbose headers   connection: 'keep-alive',
85 verbose headers   'x-served-by': 'cache-gru7124-GRU',
85 verbose headers   'x-cache': 'MISS',
85 verbose headers   'x-cache-hits': '0',
85 verbose headers   'x-timer': 'S1500994716.843688,VS0,VE845',
85 verbose headers   vary: 'Accept-Encoding' }
86 silly get cb [ 304,
86 silly get   { date: 'Tue, 25 Jul 2017 14:58:35 GMT',
86 silly get     via: '1.1 varnish',
86 silly get     'cache-control': 'max-age=0',
86 silly get     etag: 'W/"59718f93-10dfe"',
86 silly get     age: '0',
86 silly get     connection: 'keep-alive',
86 silly get     'x-served-by': 'cache-gru7124-GRU',
86 silly get     'x-cache': 'MISS',
86 silly get     'x-cache-hits': '0',
86 silly get     'x-timer': 'S1500994716.843688,VS0,VE845',
86 silly get     vary: 'Accept-Encoding' } ]
87 verbose etag https://registry.npmjs.org/@ionic-native%2fyoutube-video-player from cache
88 verbose get saving @ionic-native/youtube-video-player to /Users/Felippe/.npm/registry.npmjs.org/_40ionic-native_252fyoutube-video-player/.cache.json
89 verbose correctMkdir /Users/Felippe/.npm correctMkdir not in flight; initializing
90 silly addNameTag next cb for @ionic-native/youtube-video-player with tag latest
91 silly addNamed @ionic-native/youtube-video-player@4.1.0
92 verbose addNamed "4.1.0" is a plain semver version for @ionic-native/youtube-video-player
93 silly cache afterAdd @ionic-native/youtube-video-player@4.1.0
94 verbose afterAdd /Users/Felippe/.npm/@ionic-native/youtube-video-player/4.1.0/package/package.json not in flight; writing
95 verbose correctMkdir /Users/Felippe/.npm correctMkdir not in flight; initializing
96 verbose afterAdd /Users/Felippe/.npm/@ionic-native/youtube-video-player/4.1.0/package/package.json written
97 silly install resolved [ { name: '@ionic-native/youtube-video-player',
97 silly install resolved     version: '4.1.0',
97 silly install resolved     description: 'Ionic Native - Native plugins for ionic apps',
97 silly install resolved     module: 'index.js',
97 silly install resolved     typings: 'index.d.ts',
97 silly install resolved     author: { name: 'ionic' },
97 silly install resolved     license: 'MIT',
97 silly install resolved     peerDependencies:
97 silly install resolved      { '@ionic-native/core': '^3.6.0 || >=4.0.0',
97 silly install resolved        '@angular/core': '*',
97 silly install resolved        rxjs: '^5.0.1' },
97 silly install resolved     repository:
97 silly install resolved      { type: 'git',
97 silly install resolved        url: 'git+https://github.com/ionic-team/ionic-native.git' },
97 silly install resolved     bugs: { url: 'https://github.com/ionic-team/ionic-native/issues' },
97 silly install resolved     homepage: 'https://github.com/ionic-team/ionic-native#readme',
97 silly install resolved     _id: '@ionic-native/youtube-video-player@4.1.0',
97 silly install resolved     scripts: {},
97 silly install resolved     _shasum: 'b946912b275bc02ddca9702b111271528451c7ab',
97 silly install resolved     _from: '@ionic-native/youtube-video-player@latest',
97 silly install resolved     _resolved: 'https://registry.npmjs.org/@ionic-native/youtube-video-player/-/youtube-video-player-4.1.0.tgz',
97 silly install resolved     _npmVersion: '3.10.10',
97 silly install resolved     _nodeVersion: '6.11.0',
97 silly install resolved     _npmUser: { name: 'ihadeed', email: 'ibby@zyra.ca' },
97 silly install resolved     dist:
97 silly install resolved      { shasum: 'b946912b275bc02ddca9702b111271528451c7ab',
97 silly install resolved        tarball: 'https://registry.npmjs.org/@ionic-native/youtube-video-player/-/youtube-video-player-4.1.0.tgz' },
97 silly install resolved     maintainers: [ [Object], [Object], [Object] ],
97 silly install resolved     _npmOperationalInternal:
97 silly install resolved      { host: 's3://npm-registry-packages',
97 silly install resolved        tmp: 'tmp/youtube-video-player-4.1.0.tgz_1500614546994_0.9596274346113205' },
97 silly install resolved     directories: {},
97 silly install resolved     readme: 'ERROR: No README data found!' } ]
98 info install @ionic-native/youtube-video-player@4.1.0 into /Users/Felippe/Documents/Dev_ionic/easy
99 info installOne @ionic-native/youtube-video-player@4.1.0
100 verbose installOne of @ionic-native/youtube-video-player to /Users/Felippe/Documents/Dev_ionic/easy not in flight; installing
101 verbose correctMkdir /Users/Felippe/.npm/_locks correctMkdir not in flight; initializing
102 verbose lock using /Users/Felippe/.npm/_locks/ionic-native-youtube-vid-d700f130fbed4156.lock for /Users/Felippe/Documents/Dev_ionic/easy/node_modules/@ionic-native/youtube-video-player
103 silly install write writing @ionic-native/youtube-video-player 4.1.0 to /Users/Felippe/Documents/Dev_ionic/easy/node_modules/@ionic-native/youtube-video-player
104 verbose unbuild node_modules/@ionic-native/youtube-video-player
105 info preuninstall @ionic-native/youtube-video-player@4.1.0
106 info uninstall @ionic-native/youtube-video-player@4.1.0
107 verbose unbuild rmStuff @ionic-native/youtube-video-player@4.1.0 from /Users/Felippe/Documents/Dev_ionic/easy/node_modules
108 verbose unbuild rmStuff in /Users/Felippe/Documents/Dev_ionic/easy/node_modules/@ionic-native
109 info postuninstall @ionic-native/youtube-video-player@4.1.0
110 silly gentlyRm /Users/Felippe/Documents/Dev_ionic/easy/node_modules/@ionic-native/youtube-video-player is being purged from base /Users/Felippe/Documents/Dev_ionic/easy
111 verbose gentlyRm don't care about contents; nuking /Users/Felippe/Documents/Dev_ionic/easy/node_modules/@ionic-native/youtube-video-player
112 silly vacuum-fs purging /Users/Felippe/Documents/Dev_ionic/easy/node_modules/@ionic-native/youtube-video-player
113 silly vacuum-fs quitting because other entries in /Users/Felippe/Documents/Dev_ionic/easy/node_modules/@ionic-native
114 verbose tar unpack /Users/Felippe/.npm/@ionic-native/youtube-video-player/4.1.0/package.tgz
115 verbose tar unpacking to /Users/Felippe/Documents/Dev_ionic/easy/node_modules/@ionic-native/youtube-video-player
116 silly gentlyRm /Users/Felippe/Documents/Dev_ionic/easy/node_modules/@ionic-native/youtube-video-player is being purged
117 verbose gentlyRm don't care about contents; nuking /Users/Felippe/Documents/Dev_ionic/easy/node_modules/@ionic-native/youtube-video-player
118 silly gunzTarPerm modes [ '755', '644' ]
119 silly gunzTarPerm extractEntry package.json
120 silly gunzTarPerm extractEntry README.md
121 silly gunzTarPerm extractEntry index.js
122 silly gunzTarPerm extractEntry index.d.ts
123 silly gunzTarPerm extractEntry index.js.map
124 silly gunzTarPerm extractEntry index.metadata.json
125 verbose write writing to /Users/Felippe/Documents/Dev_ionic/easy/node_modules/@ionic-native/youtube-video-player/package.json
126 info preinstall @ionic-native/youtube-video-player@4.1.0
127 verbose readDependencies loading dependencies from /Users/Felippe/Documents/Dev_ionic/easy/node_modules/@ionic-native/youtube-video-player/package.json
128 silly prepareForInstallMany adding @angular/core@* from @ionic-native/youtube-video-player peerDependencies
129 silly prepareForInstallMany adding rxjs@^5.0.1 from @ionic-native/youtube-video-player peerDependencies
130 warn peerDependencies The peer dependency @angular/core@* included from @ionic-native/youtube-video-player will no
131 warn peerDependencies longer be automatically installed to fulfill the peerDependency
132 warn peerDependencies in npm 3+. Your application will need to depend on it explicitly.
133 warn peerDependencies The peer dependency rxjs@^5.0.1 included from @ionic-native/youtube-video-player will no
134 warn peerDependencies longer be automatically installed to fulfill the peerDependency
135 warn peerDependencies in npm 3+. Your application will need to depend on it explicitly.
136 verbose readDependencies loading dependencies from /Users/Felippe/Documents/Dev_ionic/easy/node_modules/@ionic-native/youtube-video-player/package.json
137 silly install resolved []
138 verbose about to build /Users/Felippe/Documents/Dev_ionic/easy/node_modules/@ionic-native/youtube-video-player
139 info build /Users/Felippe/Documents/Dev_ionic/easy/node_modules/@ionic-native/youtube-video-player
140 info linkStuff @ionic-native/youtube-video-player@4.1.0
141 silly linkStuff @ionic-native/youtube-video-player@4.1.0 has /Users/Felippe/Documents/Dev_ionic/easy/node_modules as its parent node_modules
142 verbose linkBins @ionic-native/youtube-video-player@4.1.0
143 verbose linkMans @ionic-native/youtube-video-player@4.1.0
144 verbose rebuildBundles @ionic-native/youtube-video-player@4.1.0
145 info install @ionic-native/youtube-video-player@4.1.0
146 info postinstall @ionic-native/youtube-video-player@4.1.0
147 verbose readDependencies loading dependencies from /Users/Felippe/Documents/Dev_ionic/easy/package.json
148 verbose targetResolver reading package data from /Users/Felippe/Documents/Dev_ionic/easy/node_modules/body-parser/package.json
149 verbose targetResolver reading package data from /Users/Felippe/Documents/Dev_ionic/easy/node_modules/cors/package.json
150 verbose targetResolver reading package data from /Users/Felippe/Documents/Dev_ionic/easy/node_modules/del/package.json
151 verbose targetResolver reading package data from /Users/Felippe/Documents/Dev_ionic/easy/node_modules/es6-shim/package.json
152 verbose targetResolver reading package data from /Users/Felippe/Documents/Dev_ionic/easy/node_modules/express/package.json
153 verbose targetResolver reading package data from /Users/Felippe/Documents/Dev_ionic/easy/node_modules/got/package.json
154 verbose targetResolver reading package data from /Users/Felippe/Documents/Dev_ionic/easy/node_modules/gulp/package.json
155 verbose targetResolver reading package data from /Users/Felippe/Documents/Dev_ionic/easy/node_modules/gulp-watch/package.json
156 verbose targetResolver reading package data from /Users/Felippe/Documents/Dev_ionic/easy/node_modules/ionic-angular/package.json
157 verbose targetResolver reading package data from /Users/Felippe/Documents/Dev_ionic/easy/node_modules/ionic-gulp-browserify-typescript/package.json
158 verbose targetResolver reading package data from /Users/Felippe/Documents/Dev_ionic/easy/node_modules/ionic-gulp-fonts-copy/package.json
159 verbose targetResolver reading package data from /Users/Felippe/Documents/Dev_ionic/easy/node_modules/ionic-gulp-html-copy/package.json
160 verbose targetResolver reading package data from /Users/Felippe/Documents/Dev_ionic/easy/node_modules/ionic-gulp-sass-build/package.json
161 verbose targetResolver reading package data from /Users/Felippe/Documents/Dev_ionic/easy/node_modules/ionic-gulp-scripts-copy/package.json
162 verbose targetResolver reading package data from /Users/Felippe/Documents/Dev_ionic/easy/node_modules/ionic-native/package.json
163 verbose targetResolver reading package data from /Users/Felippe/Documents/Dev_ionic/easy/node_modules/ionicons/package.json
164 verbose targetResolver reading package data from /Users/Felippe/Documents/Dev_ionic/easy/node_modules/mongoose/package.json
165 verbose targetResolver reading package data from /Users/Felippe/Documents/Dev_ionic/easy/node_modules/mysql/package.json
166 verbose targetResolver reading package data from /Users/Felippe/Documents/Dev_ionic/easy/node_modules/node-mysql/package.json
167 verbose targetResolver reading package data from /Users/Felippe/Documents/Dev_ionic/easy/node_modules/reflect-metadata/package.json
168 verbose targetResolver reading package data from /Users/Felippe/Documents/Dev_ionic/easy/node_modules/run-sequence/package.json
169 verbose targetResolver reading package data from /Users/Felippe/Documents/Dev_ionic/easy/node_modules/rxjs/package.json
170 verbose targetResolver reading package data from /Users/Felippe/Documents/Dev_ionic/easy/node_modules/sync-request/package.json
171 verbose targetResolver reading package data from /Users/Felippe/Documents/Dev_ionic/easy/node_modules/synchronize/package.json
172 verbose targetResolver reading package data from /Users/Felippe/Documents/Dev_ionic/easy/node_modules/utf8/package.json
173 verbose targetResolver reading package data from /Users/Felippe/Documents/Dev_ionic/easy/node_modules/xml2json/package.json
174 verbose targetResolver reading package data from /Users/Felippe/Documents/Dev_ionic/easy/node_modules/zone.js/package.json
175 verbose targetResolver reading package data from /Users/Felippe/Documents/Dev_ionic/easy/node_modules/.bin/gulp/package.json
176 verbose targetResolver reading package data from /Users/Felippe/Documents/Dev_ionic/easy/node_modules/.bin/xml2json/package.json
177 verbose targetResolver reading package data from /Users/Felippe/Documents/Dev_ionic/easy/node_modules/@angular/common/package.json
178 verbose targetResolver reading package data from /Users/Felippe/Documents/Dev_ionic/easy/node_modules/@angular/compiler/package.json
179 verbose targetResolver reading package data from /Users/Felippe/Documents/Dev_ionic/easy/node_modules/@angular/core/package.json
180 verbose targetResolver reading package data from /Users/Felippe/Documents/Dev_ionic/easy/node_modules/@angular/http/package.json
181 verbose targetResolver reading package data from /Users/Felippe/Documents/Dev_ionic/easy/node_modules/@angular/platform-browser/package.json
182 verbose targetResolver reading package data from /Users/Felippe/Documents/Dev_ionic/easy/node_modules/@angular/platform-browser-dynamic/package.json
183 verbose targetResolver reading package data from /Users/Felippe/Documents/Dev_ionic/easy/node_modules/@angular/router/package.json
184 verbose targetResolver reading package data from /Users/Felippe/Documents/Dev_ionic/easy/node_modules/@ionic-native/core/package.json
185 verbose targetResolver reading package data from /Users/Felippe/Documents/Dev_ionic/easy/node_modules/@ionic-native/youtube-video-player/package.json
186 verbose already installed skipping rxjs@^5.0.1 /Users/Felippe/Documents/Dev_ionic/easy
187 verbose already installed skipping @angular/core@* /Users/Felippe/Documents/Dev_ionic/easy
188 silly install resolved []
189 verbose unlock done using /Users/Felippe/.npm/_locks/ionic-native-youtube-vid-d700f130fbed4156.lock for /Users/Felippe/Documents/Dev_ionic/easy/node_modules/@ionic-native/youtube-video-player
190 verbose validateInstall loading /Users/Felippe/Documents/Dev_ionic/easy/package.json for validation
191 verbose stack Error: The package @angular/core@2.0.0-rc.1 does not satisfy its siblings' peerDependencies requirements!
191 verbose stack     at /usr/local/lib/node_modules/npm/lib/install.js:125:32
191 verbose stack     at /usr/local/lib/node_modules/npm/lib/install.js:268:7
191 verbose stack     at /usr/local/lib/node_modules/npm/node_modules/read-installed/read-installed.js:142:5
191 verbose stack     at /usr/local/lib/node_modules/npm/node_modules/read-installed/read-installed.js:263:14
191 verbose stack     at cb (/usr/local/lib/node_modules/npm/node_modules/slide/lib/async-map.js:47:24)
191 verbose stack     at /usr/local/lib/node_modules/npm/node_modules/read-installed/read-installed.js:263:14
191 verbose stack     at cb (/usr/local/lib/node_modules/npm/node_modules/slide/lib/async-map.js:47:24)
191 verbose stack     at /usr/local/lib/node_modules/npm/node_modules/read-installed/read-installed.js:263:14
191 verbose stack     at cb (/usr/local/lib/node_modules/npm/node_modules/slide/lib/async-map.js:47:24)
191 verbose stack     at /usr/local/lib/node_modules/npm/node_modules/read-installed/read-installed.js:263:14
192 verbose cwd /Users/Felippe/Documents/Dev_ionic/easy
193 error Darwin 15.6.0
194 error argv "/usr/local/bin/node" "/usr/local/bin/npm" "install" "--save" "@ionic-native/youtube-video-player"
195 error node v4.4.5
196 error npm  v2.15.5
197 error code EPEERINVALID
198 error peerinvalid The package @angular/core@2.0.0-rc.1 does not satisfy its siblings' peerDependencies requirements!
198 error peerinvalid Peer @angular/common@2.0.0-rc.1 wants @angular/core@2.0.0-rc.1
198 error peerinvalid Peer @angular/compiler@2.0.0-rc.1 wants @angular/core@2.0.0-rc.1
198 error peerinvalid Peer @angular/http@2.0.0-rc.1 wants @angular/core@2.0.0-rc.1
198 error peerinvalid Peer @angular/platform-browser@2.0.0-rc.1 wants @angular/core@2.0.0-rc.1
198 error peerinvalid Peer @angular/platform-browser-dynamic@2.0.0-rc.1 wants @angular/core@2.0.0-rc.1
198 error peerinvalid Peer @angular/router@2.0.0-rc.1 wants @angular/core@2.0.0-rc.1
198 error peerinvalid Peer ionic-angular@2.0.0-beta.9 wants @angular/core@^2.0.0-rc.1
198 error peerinvalid Peer @ionic-native/youtube-video-player@4.1.0 wants @angular/core@*
199 verbose exit [ 1, true ]
